/*C3*/SET SCHEMA PUBLIC
DISCONNECT
/*C5*/SET SCHEMA PUBLIC
DISCONNECT
/*C6*/SET SCHEMA PUBLIC
CREATE SCHEMA AEROPUERTO AUTHORIZATION SA
create table Aeropuerto.Aerolinea (id varchar(50) not null, nombre varchar(50), primary key (id))
create table Aeropuerto.Empleado (numero integer not null, nombre varchar(50), aerolinea_id varchar(50), primary key (numero))
create table Aeropuerto.IMAGES (ID varchar(255) not null, GALLERY varchar(255), IMAGE varbinary(16777216), primary key (ID))
create table Aeropuerto.OXDISCUSSIONCOMMENTS (id varchar(32) not null, comment clob(16777216), discussionId varchar(32), time timestamp, userName varchar(30), primary key (id))
create table Aeropuerto.Pasajero (id varchar(50) not null, calle varchar(30), ciudad varchar(30), colonia varchar(30), pais varchar(30), nombre varchar(50), primary key (id))
create table Aeropuerto.Tripulacion (id varchar(30) not null, nombre varchar(50), empleado_numero integer, primary key (id))
create table Aeropuerto.TuPrimeraEntidad (id varchar(32) not null, descripcion varchar(50), fecha date, importe numeric(19,2), primary key (id))
create table Aeropuerto.Vuelo (id integer not null, destino varchar(40), fecha date, hora varchar(40), origen varchar(40), startTime varchar(6), pasajero_id varchar(50) not null, tripulacion_id varchar(30), primary key (id))
create index Aeropuerto.IDXbhlx4vunn24ym1tbrlgq8g30m on Aeropuerto.OXDISCUSSIONCOMMENTS (discussionId)
alter table Aeropuerto.Empleado add constraint FK6hlnjdamm8a0t02fk2i95bkq1 foreign key (aerolinea_id) references Aeropuerto.Aerolinea
alter table Aeropuerto.Tripulacion add constraint FK7p1pyfv705ttuw13v1qan10q1 foreign key (empleado_numero) references Aeropuerto.Empleado
alter table Aeropuerto.Vuelo add constraint FKh5420tx8nlyyfghucfjuy7gac foreign key (pasajero_id) references Aeropuerto.Pasajero
alter table Aeropuerto.Vuelo add constraint FKg33s15buqi77hfosj4l5exflf foreign key (tripulacion_id) references Aeropuerto.Tripulacion
SET SCHEMA AEROPUERTO
INSERT INTO PASAJERO VALUES('12458484','45 x 70','Venecia','Cecilio Chi','Mexico','Aaron')
COMMIT
INSERT INTO AEROLINEA VALUES('489202002','AeroMex')
COMMIT
INSERT INTO EMPLEADO VALUES(125333883,'Juan','489202002')
COMMIT
INSERT INTO TRIPULACION VALUES('429202020','Adrian',125333883)
COMMIT
INSERT INTO VUELO VALUES(35252555,'Madrid','2022-10-31','1','Xalapa','01:00','12458484','429202020')
COMMIT
INSERT INTO VUELO VALUES(88382882,'Kanasim','2022-10-31','635','Cancun','06:35','12458484','429202020')
COMMIT
DELETE FROM VUELO WHERE ID=35252555
COMMIT
DELETE FROM VUELO WHERE ID=88382882
COMMIT
SET SCHEMA PUBLIC
DISCONNECT
/*C7*/SET SCHEMA PUBLIC
DISCONNECT
/*C8*/SET SCHEMA AEROPUERTO
INSERT INTO VUELO VALUES(12233555,'Cancun','2022-10-31',NULL,'Xalapa','06:35','12458484','429202020')
COMMIT
SET SCHEMA PUBLIC
DISCONNECT
/*C9*/SET SCHEMA PUBLIC
DISCONNECT
/*C10*/SET SCHEMA PUBLIC
DISCONNECT
/*C11*/SET SCHEMA PUBLIC
DISCONNECT
